

Started GET "/assets/rails.png" for 127.0.0.1 at 2012-07-15 15:39:14 +0900
Connecting to database specified by database.yml
Served asset /rails.png - 304 Not Modified (27ms)


Started GET "/rails/info/properties" for 127.0.0.1 at 2012-07-15 15:39:22 +0900
Processing by Rails::InfoController#properties as */*
  Rendered inline template (3.7ms)
Completed 200 OK in 67ms (Views: 66.0ms | ActiveRecord: 0.0ms)
Connecting to database specified by database.yml
Connecting to database specified by database.yml
Connecting to database specified by database.yml
Connecting to database specified by database.yml


Started GET "/assets/rails.png" for 127.0.0.1 at 2012-07-29 14:45:59 +0900
Connecting to database specified by database.yml
Served asset /rails.png - 200 OK (3ms)


Started GET "/pages/home" for 127.0.0.1 at 2012-07-29 14:46:29 +0900
Processing by PagesController#home as HTML
  Rendered pages/home.html.erb within layouts/application (6.8ms)
Completed 200 OK in 66ms (Views: 65.8ms | ActiveRecord: 0.0ms)


Started GET "/pages/home" for 127.0.0.1 at 2012-08-05 02:36:32 +0900
Connecting to database specified by database.yml
Processing by PagesController#home as HTML
  Rendered pages/home.html.erb within layouts/application (4.2ms)
Completed 200 OK in 109ms (Views: 108.2ms | ActiveRecord: 0.0ms)


Started GET "/assets/blueprint/screen.css" for 127.0.0.1 at 2012-08-05 02:36:33 +0900
Served asset /blueprint/screen.css - 404 Not Found (4ms)

ActionController::RoutingError (No route matches [GET] "/assets/blueprint/screen.css"):
  actionpack (3.2.6) lib/action_dispatch/middleware/debug_exceptions.rb:21:in `call'
  actionpack (3.2.6) lib/action_dispatch/middleware/show_exceptions.rb:56:in `call'
  railties (3.2.6) lib/rails/rack/logger.rb:26:in `call_app'
  railties (3.2.6) lib/rails/rack/logger.rb:16:in `call'
  actionpack (3.2.6) lib/action_dispatch/middleware/request_id.rb:22:in `call'
  rack (1.4.1) lib/rack/methodoverride.rb:21:in `call'
  rack (1.4.1) lib/rack/runtime.rb:17:in `call'
  activesupport (3.2.6) lib/active_support/cache/strategy/local_cache.rb:72:in `call'
  rack (1.4.1) lib/rack/lock.rb:15:in `call'
  actionpack (3.2.6) lib/action_dispatch/middleware/static.rb:62:in `call'
  railties (3.2.6) lib/rails/engine.rb:479:in `call'
  railties (3.2.6) lib/rails/application.rb:220:in `call'
  rack (1.4.1) lib/rack/content_length.rb:14:in `call'
  railties (3.2.6) lib/rails/rack/log_tailer.rb:17:in `call'
  rack (1.4.1) lib/rack/handler/webrick.rb:59:in `service'
  /Users/YuuhiTOMARI/.rvm/rubies/ruby-1.9.2-p320/lib/ruby/1.9.1/webrick/httpserver.rb:111:in `service'
  /Users/YuuhiTOMARI/.rvm/rubies/ruby-1.9.2-p320/lib/ruby/1.9.1/webrick/httpserver.rb:70:in `run'
  /Users/YuuhiTOMARI/.rvm/rubies/ruby-1.9.2-p320/lib/ruby/1.9.1/webrick/server.rb:183:in `block in start_thread'


  Rendered /Users/YuuhiTOMARI/.rvm/gems/ruby-1.9.2-p320/gems/actionpack-3.2.6/lib/action_dispatch/middleware/templates/rescues/routing_error.erb within rescues/layout (0.9ms)


Started GET "/assets/blueprint/print.css" for 127.0.0.1 at 2012-08-05 02:36:33 +0900
Served asset /blueprint/print.css - 404 Not Found (5ms)

ActionController::RoutingError (No route matches [GET] "/assets/blueprint/print.css"):
  actionpack (3.2.6) lib/action_dispatch/middleware/debug_exceptions.rb:21:in `call'
  actionpack (3.2.6) lib/action_dispatch/middleware/show_exceptions.rb:56:in `call'
  railties (3.2.6) lib/rails/rack/logger.rb:26:in `call_app'
  railties (3.2.6) lib/rails/rack/logger.rb:16:in `call'
  actionpack (3.2.6) lib/action_dispatch/middleware/request_id.rb:22:in `call'
  rack (1.4.1) lib/rack/methodoverride.rb:21:in `call'
  rack (1.4.1) lib/rack/runtime.rb:17:in `call'
  activesupport (3.2.6) lib/active_support/cache/strategy/local_cache.rb:72:in `call'
  rack (1.4.1) lib/rack/lock.rb:15:in `call'
  actionpack (3.2.6) lib/action_dispatch/middleware/static.rb:62:in `call'
  railties (3.2.6) lib/rails/engine.rb:479:in `call'
  railties (3.2.6) lib/rails/application.rb:220:in `call'
  rack (1.4.1) lib/rack/content_length.rb:14:in `call'
  railties (3.2.6) lib/rails/rack/log_tailer.rb:17:in `call'
  rack (1.4.1) lib/rack/handler/webrick.rb:59:in `service'
  /Users/YuuhiTOMARI/.rvm/rubies/ruby-1.9.2-p320/lib/ruby/1.9.1/webrick/httpserver.rb:111:in `service'
  /Users/YuuhiTOMARI/.rvm/rubies/ruby-1.9.2-p320/lib/ruby/1.9.1/webrick/httpserver.rb:70:in `run'
  /Users/YuuhiTOMARI/.rvm/rubies/ruby-1.9.2-p320/lib/ruby/1.9.1/webrick/server.rb:183:in `block in start_thread'


  Rendered /Users/YuuhiTOMARI/.rvm/gems/ruby-1.9.2-p320/gems/actionpack-3.2.6/lib/action_dispatch/middleware/templates/rescues/routing_error.erb within rescues/layout (0.9ms)


Started GET "/pages/home" for 127.0.0.1 at 2012-08-05 03:29:51 +0900
Connecting to database specified by database.yml
Processing by PagesController#home as HTML
  Rendered pages/home.html.erb within layouts/application (22.6ms)
Compiled blueprint/screen.css  (0ms)  (pid 1082)
Compiled blueprint/print.css  (0ms)  (pid 1082)
Completed 200 OK in 243ms (Views: 242.4ms | ActiveRecord: 0.0ms)


Started GET "/assets/blueprint/screen.css?body=1" for 127.0.0.1 at 2012-08-05 03:29:53 +0900
Served asset /blueprint/screen.css - 200 OK (4ms)


Started GET "/assets/blueprint/print.css?body=1" for 127.0.0.1 at 2012-08-05 03:29:53 +0900
Served asset /blueprint/print.css - 200 OK (4ms)


Started GET "/pages/home" for 127.0.0.1 at 2012-08-05 04:31:14 +0900
Connecting to database specified by database.yml
Processing by PagesController#home as HTML
  Rendered pages/home.html.erb within layouts/application (5.5ms)
Completed 200 OK in 81ms (Views: 80.8ms | ActiveRecord: 0.0ms)


Started GET "/assets/blueprint/screen.css?body=1" for 127.0.0.1 at 2012-08-05 04:31:15 +0900
Served asset /blueprint/screen.css - 304 Not Modified (3ms)


Started GET "/assets/blueprint/print.css?body=1" for 127.0.0.1 at 2012-08-05 04:31:15 +0900
Served asset /blueprint/print.css - 304 Not Modified (3ms)


Started GET "/pages/home" for 127.0.0.1 at 2012-08-17 03:24:34 +0900
Connecting to database specified by database.yml
Processing by PagesController#home as HTML
  Rendered pages/home.html.erb within layouts/application (4.2ms)
Completed 200 OK in 141ms (Views: 140.7ms | ActiveRecord: 0.0ms)


Started GET "/assets/blueprint/screen.css?body=1" for 127.0.0.1 at 2012-08-17 03:24:35 +0900
Served asset /blueprint/screen.css - 200 OK (3ms)


Started GET "/assets/blueprint/print.css?body=1" for 127.0.0.1 at 2012-08-17 03:24:35 +0900
Served asset /blueprint/print.css - 200 OK (4ms)
